<?xml version="1.0" encoding="UTF-8"?>
<!-- Generated by org.testng.reporters.JUnitXMLReporter -->
<testsuite hostname="skoduru-pro" ignored="0" name="book-flight-4" tests="5" failures="0" timestamp="03 Oct 2019 06:22:56 GMT" time="10.927" errors="0">
  <testcase name="registrationPage" time="2.993" classname="com.newtours.tests.BookFlightTest"/>
  <testcase name="registrationConfirmationPage" time="0.79" classname="com.newtours.tests.BookFlightTest"/>
  <testcase name="flightDetailsPage" time="1.027" classname="com.newtours.tests.BookFlightTest"/>
  <testcase name="findFlightPage" time="2.024" classname="com.newtours.tests.BookFlightTest"/>
  <testcase name="flightConfirmationPage" time="1.26" classname="com.newtours.tests.BookFlightTest"/>
</testsuite> <!-- book-flight-4 -->
