<?xml version="1.0" encoding="UTF-8"?>
<!-- Generated by org.testng.reporters.JUnitXMLReporter -->
<testsuite hostname="skoduru-pro" ignored="0" name="book-flight-3" tests="5" failures="0" timestamp="03 Oct 2019 06:22:45 GMT" time="11.177" errors="0">
  <testcase name="registrationPage" time="3.021" classname="com.newtours.tests.BookFlightTest"/>
  <testcase name="registrationConfirmationPage" time="0.945" classname="com.newtours.tests.BookFlightTest"/>
  <testcase name="flightDetailsPage" time="1.009" classname="com.newtours.tests.BookFlightTest"/>
  <testcase name="findFlightPage" time="1.997" classname="com.newtours.tests.BookFlightTest"/>
  <testcase name="flightConfirmationPage" time="1.253" classname="com.newtours.tests.BookFlightTest"/>
</testsuite> <!-- book-flight-3 -->
