<?xml version="1.0" encoding="UTF-8"?>
<!-- Generated by org.testng.reporters.JUnitXMLReporter -->
<testsuite hostname="skoduru-pro" ignored="0" name="book-flight-1" tests="5" failures="0" timestamp="03 Oct 2019 06:22:23 GMT" time="12.72" errors="0">
  <testcase name="registrationPage" time="3.073" classname="com.newtours.tests.BookFlightTest"/>
  <testcase name="registrationConfirmationPage" time="0.98" classname="com.newtours.tests.BookFlightTest"/>
  <testcase name="flightDetailsPage" time="0.873" classname="com.newtours.tests.BookFlightTest"/>
  <testcase name="findFlightPage" time="2.274" classname="com.newtours.tests.BookFlightTest"/>
  <testcase name="flightConfirmationPage" time="1.219" classname="com.newtours.tests.BookFlightTest"/>
</testsuite> <!-- book-flight-1 -->
