<?xml version="1.0" encoding="UTF-8"?>
<testng-results skipped="0" failed="0" ignored="0" total="20" passed="20">
  <reporter-output>
  </reporter-output>
  <suite name="book" duration-ms="46674" started-at="2019-10-02T13:11:36Z" finished-at="2019-10-02T13:12:23Z">
    <groups>
    </groups>
    <test name="book-flight-1" duration-ms="13059" started-at="2019-10-02T13:11:36Z" finished-at="2019-10-02T13:11:49Z">
      <class name="com.newtours.tests.BookFlightTest">
        <test-method status="PASS" signature="setupDriver(org.testng.ITestContext)[pri:0, instance:com.newtours.tests.BookFlightTest@6a4f787b]" name="setupDriver" is-config="true" duration-ms="2565" started-at="2019-10-02T13:11:36Z" finished-at="2019-10-02T13:11:39Z">
          <params>
            <param index="0">
              <value>
                <![CDATA[org.testng.TestRunner@cf65451]]>
              </value>
            </param>
          </params>
          <reporter-output>
          </reporter-output>
        </test-method> <!-- setupDriver -->
        <test-method status="PASS" signature="setupParameters(java.lang.String, java.lang.String)[pri:0, instance:com.newtours.tests.BookFlightTest@6a4f787b]" name="setupParameters" is-config="true" duration-ms="1" started-at="2019-10-02T13:11:39Z" depends-on-methods="com.tests.BaseTest.setupDriver" finished-at="2019-10-02T13:11:39Z">
          <params>
            <param index="0">
              <value>
                <![CDATA[1]]>
              </value>
            </param>
            <param index="1">
              <value>
                <![CDATA[$584 USD]]>
              </value>
            </param>
          </params>
          <reporter-output>
          </reporter-output>
        </test-method> <!-- setupParameters -->
        <test-method status="PASS" signature="registrationPage()[pri:0, instance:com.newtours.tests.BookFlightTest@6a4f787b]" name="registrationPage" duration-ms="3992" started-at="2019-10-02T13:11:39Z" finished-at="2019-10-02T13:11:43Z">
          <reporter-output>
          </reporter-output>
        </test-method> <!-- registrationPage -->
        <test-method status="PASS" signature="registrationConfirmationPage()[pri:0, instance:com.newtours.tests.BookFlightTest@6a4f787b]" name="registrationConfirmationPage" duration-ms="1403" started-at="2019-10-02T13:11:43Z" depends-on-methods="com.newtours.tests.BookFlightTest.registrationPage" finished-at="2019-10-02T13:11:44Z">
          <reporter-output>
          </reporter-output>
        </test-method> <!-- registrationConfirmationPage -->
        <test-method status="PASS" signature="flightDetailsPage()[pri:0, instance:com.newtours.tests.BookFlightTest@6a4f787b]" name="flightDetailsPage" duration-ms="1073" started-at="2019-10-02T13:11:44Z" depends-on-methods="com.newtours.tests.BookFlightTest.registrationConfirmationPage" finished-at="2019-10-02T13:11:45Z">
          <reporter-output>
          </reporter-output>
        </test-method> <!-- flightDetailsPage -->
        <test-method status="PASS" signature="findFlightPage()[pri:0, instance:com.newtours.tests.BookFlightTest@6a4f787b]" name="findFlightPage" duration-ms="2536" started-at="2019-10-02T13:11:45Z" depends-on-methods="com.newtours.tests.BookFlightTest.flightDetailsPage" finished-at="2019-10-02T13:11:48Z">
          <reporter-output>
          </reporter-output>
        </test-method> <!-- findFlightPage -->
        <test-method status="PASS" signature="flightConfirmationPage()[pri:0, instance:com.newtours.tests.BookFlightTest@6a4f787b]" name="flightConfirmationPage" duration-ms="1396" started-at="2019-10-02T13:11:48Z" depends-on-methods="com.newtours.tests.BookFlightTest.findFlightPage" finished-at="2019-10-02T13:11:49Z">
          <reporter-output>
          </reporter-output>
        </test-method> <!-- flightConfirmationPage -->
        <test-method status="PASS" signature="quitDriver()[pri:0, instance:com.newtours.tests.BookFlightTest@6a4f787b]" name="quitDriver" is-config="true" duration-ms="75" started-at="2019-10-02T13:11:49Z" finished-at="2019-10-02T13:11:49Z">
          <reporter-output>
          </reporter-output>
        </test-method> <!-- quitDriver -->
      </class> <!-- com.newtours.tests.BookFlightTest -->
    </test> <!-- book-flight-1 -->
    <test name="book-flight-2" duration-ms="10112" started-at="2019-10-02T13:11:49Z" finished-at="2019-10-02T13:11:59Z">
      <class name="com.newtours.tests.BookFlightTest">
        <test-method status="PASS" signature="setupDriver(org.testng.ITestContext)[pri:0, instance:com.newtours.tests.BookFlightTest@4cf777e8]" name="setupDriver" is-config="true" duration-ms="760" started-at="2019-10-02T13:11:49Z" finished-at="2019-10-02T13:11:50Z">
          <params>
            <param index="0">
              <value>
                <![CDATA[org.testng.TestRunner@724f138e]]>
              </value>
            </param>
          </params>
          <reporter-output>
          </reporter-output>
        </test-method> <!-- setupDriver -->
        <test-method status="PASS" signature="setupParameters(java.lang.String, java.lang.String)[pri:0, instance:com.newtours.tests.BookFlightTest@4cf777e8]" name="setupParameters" is-config="true" duration-ms="0" started-at="2019-10-02T13:11:50Z" depends-on-methods="com.tests.BaseTest.setupDriver" finished-at="2019-10-02T13:11:50Z">
          <params>
            <param index="0">
              <value>
                <![CDATA[2]]>
              </value>
            </param>
            <param index="1">
              <value>
                <![CDATA[$1169 USD]]>
              </value>
            </param>
          </params>
          <reporter-output>
          </reporter-output>
        </test-method> <!-- setupParameters -->
        <test-method status="PASS" signature="registrationPage()[pri:0, instance:com.newtours.tests.BookFlightTest@4cf777e8]" name="registrationPage" duration-ms="3454" started-at="2019-10-02T13:11:50Z" finished-at="2019-10-02T13:11:53Z">
          <reporter-output>
          </reporter-output>
        </test-method> <!-- registrationPage -->
        <test-method status="PASS" signature="registrationConfirmationPage()[pri:0, instance:com.newtours.tests.BookFlightTest@4cf777e8]" name="registrationConfirmationPage" duration-ms="1095" started-at="2019-10-02T13:11:53Z" depends-on-methods="com.newtours.tests.BookFlightTest.registrationPage" finished-at="2019-10-02T13:11:55Z">
          <reporter-output>
          </reporter-output>
        </test-method> <!-- registrationConfirmationPage -->
        <test-method status="PASS" signature="flightDetailsPage()[pri:0, instance:com.newtours.tests.BookFlightTest@4cf777e8]" name="flightDetailsPage" duration-ms="1087" started-at="2019-10-02T13:11:55Z" depends-on-methods="com.newtours.tests.BookFlightTest.registrationConfirmationPage" finished-at="2019-10-02T13:11:56Z">
          <reporter-output>
          </reporter-output>
        </test-method> <!-- flightDetailsPage -->
        <test-method status="PASS" signature="findFlightPage()[pri:0, instance:com.newtours.tests.BookFlightTest@4cf777e8]" name="findFlightPage" duration-ms="2202" started-at="2019-10-02T13:11:56Z" depends-on-methods="com.newtours.tests.BookFlightTest.flightDetailsPage" finished-at="2019-10-02T13:11:58Z">
          <reporter-output>
          </reporter-output>
        </test-method> <!-- findFlightPage -->
        <test-method status="PASS" signature="flightConfirmationPage()[pri:0, instance:com.newtours.tests.BookFlightTest@4cf777e8]" name="flightConfirmationPage" duration-ms="1438" started-at="2019-10-02T13:11:58Z" depends-on-methods="com.newtours.tests.BookFlightTest.findFlightPage" finished-at="2019-10-02T13:11:59Z">
          <reporter-output>
          </reporter-output>
        </test-method> <!-- flightConfirmationPage -->
        <test-method status="PASS" signature="quitDriver()[pri:0, instance:com.newtours.tests.BookFlightTest@4cf777e8]" name="quitDriver" is-config="true" duration-ms="68" started-at="2019-10-02T13:11:59Z" finished-at="2019-10-02T13:11:59Z">
          <reporter-output>
          </reporter-output>
        </test-method> <!-- quitDriver -->
      </class> <!-- com.newtours.tests.BookFlightTest -->
    </test> <!-- book-flight-2 -->
    <test name="book-flight-3" duration-ms="11565" started-at="2019-10-02T13:11:59Z" finished-at="2019-10-02T13:12:11Z">
      <class name="com.newtours.tests.BookFlightTest">
        <test-method status="PASS" signature="setupDriver(org.testng.ITestContext)[pri:0, instance:com.newtours.tests.BookFlightTest@5f2108b5]" name="setupDriver" is-config="true" duration-ms="744" started-at="2019-10-02T13:11:59Z" finished-at="2019-10-02T13:12:00Z">
          <params>
            <param index="0">
              <value>
                <![CDATA[org.testng.TestRunner@37eeec90]]>
              </value>
            </param>
          </params>
          <reporter-output>
          </reporter-output>
        </test-method> <!-- setupDriver -->
        <test-method status="PASS" signature="setupParameters(java.lang.String, java.lang.String)[pri:0, instance:com.newtours.tests.BookFlightTest@5f2108b5]" name="setupParameters" is-config="true" duration-ms="0" started-at="2019-10-02T13:12:00Z" depends-on-methods="com.tests.BaseTest.setupDriver" finished-at="2019-10-02T13:12:00Z">
          <params>
            <param index="0">
              <value>
                <![CDATA[3]]>
              </value>
            </param>
            <param index="1">
              <value>
                <![CDATA[$1753 USD]]>
              </value>
            </param>
          </params>
          <reporter-output>
          </reporter-output>
        </test-method> <!-- setupParameters -->
        <test-method status="PASS" signature="registrationPage()[pri:0, instance:com.newtours.tests.BookFlightTest@5f2108b5]" name="registrationPage" duration-ms="4002" started-at="2019-10-02T13:12:00Z" finished-at="2019-10-02T13:12:04Z">
          <reporter-output>
          </reporter-output>
        </test-method> <!-- registrationPage -->
        <test-method status="PASS" signature="registrationConfirmationPage()[pri:0, instance:com.newtours.tests.BookFlightTest@5f2108b5]" name="registrationConfirmationPage" duration-ms="1107" started-at="2019-10-02T13:12:04Z" depends-on-methods="com.newtours.tests.BookFlightTest.registrationPage" finished-at="2019-10-02T13:12:05Z">
          <reporter-output>
          </reporter-output>
        </test-method> <!-- registrationConfirmationPage -->
        <test-method status="PASS" signature="flightDetailsPage()[pri:0, instance:com.newtours.tests.BookFlightTest@5f2108b5]" name="flightDetailsPage" duration-ms="1037" started-at="2019-10-02T13:12:05Z" depends-on-methods="com.newtours.tests.BookFlightTest.registrationConfirmationPage" finished-at="2019-10-02T13:12:06Z">
          <reporter-output>
          </reporter-output>
        </test-method> <!-- flightDetailsPage -->
        <test-method status="PASS" signature="findFlightPage()[pri:0, instance:com.newtours.tests.BookFlightTest@5f2108b5]" name="findFlightPage" duration-ms="3283" started-at="2019-10-02T13:12:06Z" depends-on-methods="com.newtours.tests.BookFlightTest.flightDetailsPage" finished-at="2019-10-02T13:12:10Z">
          <reporter-output>
          </reporter-output>
        </test-method> <!-- findFlightPage -->
        <test-method status="PASS" signature="flightConfirmationPage()[pri:0, instance:com.newtours.tests.BookFlightTest@5f2108b5]" name="flightConfirmationPage" duration-ms="1322" started-at="2019-10-02T13:12:10Z" depends-on-methods="com.newtours.tests.BookFlightTest.findFlightPage" finished-at="2019-10-02T13:12:11Z">
          <reporter-output>
          </reporter-output>
        </test-method> <!-- flightConfirmationPage -->
        <test-method status="PASS" signature="quitDriver()[pri:0, instance:com.newtours.tests.BookFlightTest@5f2108b5]" name="quitDriver" is-config="true" duration-ms="64" started-at="2019-10-02T13:12:11Z" finished-at="2019-10-02T13:12:11Z">
          <reporter-output>
          </reporter-output>
        </test-method> <!-- quitDriver -->
      </class> <!-- com.newtours.tests.BookFlightTest -->
    </test> <!-- book-flight-3 -->
    <test name="book-flight-4" duration-ms="11910" started-at="2019-10-02T13:12:11Z" finished-at="2019-10-02T13:12:23Z">
      <class name="com.newtours.tests.BookFlightTest">
        <test-method status="PASS" signature="setupDriver(org.testng.ITestContext)[pri:0, instance:com.newtours.tests.BookFlightTest@6e1567f1]" name="setupDriver" is-config="true" duration-ms="730" started-at="2019-10-02T13:12:11Z" finished-at="2019-10-02T13:12:12Z">
          <params>
            <param index="0">
              <value>
                <![CDATA[org.testng.TestRunner@32fe9d0a]]>
              </value>
            </param>
          </params>
          <reporter-output>
          </reporter-output>
        </test-method> <!-- setupDriver -->
        <test-method status="PASS" signature="setupParameters(java.lang.String, java.lang.String)[pri:0, instance:com.newtours.tests.BookFlightTest@6e1567f1]" name="setupParameters" is-config="true" duration-ms="1" started-at="2019-10-02T13:12:12Z" depends-on-methods="com.tests.BaseTest.setupDriver" finished-at="2019-10-02T13:12:12Z">
          <params>
            <param index="0">
              <value>
                <![CDATA[4]]>
              </value>
            </param>
            <param index="1">
              <value>
                <![CDATA[$2338 USD]]>
              </value>
            </param>
          </params>
          <reporter-output>
          </reporter-output>
        </test-method> <!-- setupParameters -->
        <test-method status="PASS" signature="registrationPage()[pri:0, instance:com.newtours.tests.BookFlightTest@6e1567f1]" name="registrationPage" duration-ms="3702" started-at="2019-10-02T13:12:12Z" finished-at="2019-10-02T13:12:15Z">
          <reporter-output>
          </reporter-output>
        </test-method> <!-- registrationPage -->
        <test-method status="PASS" signature="registrationConfirmationPage()[pri:0, instance:com.newtours.tests.BookFlightTest@6e1567f1]" name="registrationConfirmationPage" duration-ms="1470" started-at="2019-10-02T13:12:15Z" depends-on-methods="com.newtours.tests.BookFlightTest.registrationPage" finished-at="2019-10-02T13:12:17Z">
          <reporter-output>
          </reporter-output>
        </test-method> <!-- registrationConfirmationPage -->
        <test-method status="PASS" signature="flightDetailsPage()[pri:0, instance:com.newtours.tests.BookFlightTest@6e1567f1]" name="flightDetailsPage" duration-ms="1145" started-at="2019-10-02T13:12:17Z" depends-on-methods="com.newtours.tests.BookFlightTest.registrationConfirmationPage" finished-at="2019-10-02T13:12:18Z">
          <reporter-output>
          </reporter-output>
        </test-method> <!-- flightDetailsPage -->
        <test-method status="PASS" signature="findFlightPage()[pri:0, instance:com.newtours.tests.BookFlightTest@6e1567f1]" name="findFlightPage" duration-ms="3407" started-at="2019-10-02T13:12:18Z" depends-on-methods="com.newtours.tests.BookFlightTest.flightDetailsPage" finished-at="2019-10-02T13:12:21Z">
          <reporter-output>
          </reporter-output>
        </test-method> <!-- findFlightPage -->
        <test-method status="PASS" signature="flightConfirmationPage()[pri:0, instance:com.newtours.tests.BookFlightTest@6e1567f1]" name="flightConfirmationPage" duration-ms="1385" started-at="2019-10-02T13:12:21Z" depends-on-methods="com.newtours.tests.BookFlightTest.findFlightPage" finished-at="2019-10-02T13:12:23Z">
          <reporter-output>
          </reporter-output>
        </test-method> <!-- flightConfirmationPage -->
        <test-method status="PASS" signature="quitDriver()[pri:0, instance:com.newtours.tests.BookFlightTest@6e1567f1]" name="quitDriver" is-config="true" duration-ms="63" started-at="2019-10-02T13:12:23Z" finished-at="2019-10-02T13:12:23Z">
          <reporter-output>
          </reporter-output>
        </test-method> <!-- quitDriver -->
      </class> <!-- com.newtours.tests.BookFlightTest -->
    </test> <!-- book-flight-4 -->
  </suite> <!-- book -->
</testng-results>
